#-----------------------------------------------------------
# Vivado v2017.4 (64-bit)
# SW Build 2086221 on Fri Dec 15 20:55:39 MST 2017
# IP Build 2085800 on Fri Dec 15 22:25:07 MST 2017
# Start of session at: Wed May 15 10:33:28 2019
# Process ID: 12248
# Current directory: D:/All kind of stuff/dsd project/proiect_final
# Command line: vivado.exe -gui_launcher_event rodinguilauncherevent9820 D:\All kind of stuff\dsd project\proiect_final\proiect_final.xpr
# Log file: D:/All kind of stuff/dsd project/proiect_final/vivado.log
# Journal file: D:/All kind of stuff/dsd project/proiect_final\vivado.jou
#-----------------------------------------------------------
start_gui
open_project {D:/All kind of stuff/dsd project/proiect_final/proiect_final.xpr}
Scanning sources...
Finished scanning sources
INFO: [IP_Flow 19-234] Refreshing IP repositories
INFO: [IP_Flow 19-1704] No user IP repositories specified
INFO: [IP_Flow 19-2313] Loaded Vivado IP repository 'D:/Programe/folder/Vivado/2017.4/data/ip'.
open_project: Time (s): cpu = 00:00:18 ; elapsed = 00:01:11 . Memory (MB): peak = 734.148 ; gain = 103.688update_compile_order -fileset sources_1
eexit
INFO: [Common 17-206] Exiting Vivado at Wed May 15 10:36:13 2019...
